<?xml version="1.0" encoding="UTF-8"?>
<testsuite name="com.bridgelabz.EmailValidationTest" tests="9" skipped="0" failures="0" errors="0" timestamp="2021-06-07T02:39:25" hostname="aswin-laptop" time="0.01">
  <properties/>
  <testcase name="givenEmail_ReturnsResultAsPerParameter[0]" classname="com.bridgelabz.EmailValidationTest" time="0.003"/>
  <testcase name="givenEmail_ReturnsResultAsPerParameter[1]" classname="com.bridgelabz.EmailValidationTest" time="0.001"/>
  <testcase name="givenEmail_ReturnsResultAsPerParameter[2]" classname="com.bridgelabz.EmailValidationTest" time="0.001"/>
  <testcase name="givenEmail_ReturnsResultAsPerParameter[3]" classname="com.bridgelabz.EmailValidationTest" time="0.001"/>
  <testcase name="givenEmail_ReturnsResultAsPerParameter[4]" classname="com.bridgelabz.EmailValidationTest" time="0.001"/>
  <testcase name="givenEmail_ReturnsResultAsPerParameter[5]" classname="com.bridgelabz.EmailValidationTest" time="0.001"/>
  <testcase name="givenEmail_ReturnsResultAsPerParameter[6]" classname="com.bridgelabz.EmailValidationTest" time="0.001"/>
  <testcase name="givenEmail_ReturnsResultAsPerParameter[7]" classname="com.bridgelabz.EmailValidationTest" time="0.0"/>
  <testcase name="givenEmail_ReturnsResultAsPerParameter[8]" classname="com.bridgelabz.EmailValidationTest" time="0.0"/>
  <system-out><![CDATA[]]></system-out>
  <system-err><![CDATA[]]></system-err>
</testsuite>
