<?xml version="1.0" encoding="UTF-8"?>
<testsuite name="com.bridgelabz.PasswordValidationTest" tests="1" skipped="0" failures="0" errors="0" timestamp="2021-05-31T15:31:58" hostname="aswin-laptop" time="0.003">
  <properties/>
  <testcase name="givenPassword_WhenIncorrect_ReturnsFalse" classname="com.bridgelabz.PasswordValidationTest" time="0.003"/>
  <system-out><![CDATA[]]></system-out>
  <system-err><![CDATA[]]></system-err>
</testsuite>
