<?xml version="1.0" encoding="UTF-8"?>
<testsuite name="com.bridgelabz.UserRegistrationTest" tests="1" skipped="0" failures="0" errors="0" timestamp="2021-05-30T16:28:58" hostname="aswin-laptop" time="0.034">
  <properties/>
  <testcase name="givenFirstName_whenProper_returnTrue()" classname="com.bridgelabz.UserRegistrationTest" time="0.034"/>
  <system-out><![CDATA[]]></system-out>
  <system-err><![CDATA[]]></system-err>
</testsuite>
