<?xml version="1.0" encoding="UTF-8"?>
<testsuite name="com.bridgelabz.PasswordValidationTest" tests="2" skipped="0" failures="0" errors="0" timestamp="2021-06-13T18:51:07" hostname="aswin-laptop" time="0.001">
  <properties/>
  <testcase name="givenPassword_WhenCorrect_ReturnsTrue" classname="com.bridgelabz.PasswordValidationTest" time="0.0"/>
  <testcase name="givenPassword_WhenIncorrect_ReturnsFalse" classname="com.bridgelabz.PasswordValidationTest" time="0.0"/>
  <system-out><![CDATA[]]></system-out>
  <system-err><![CDATA[]]></system-err>
</testsuite>
