<?xml version="1.0" encoding="UTF-8"?>
<testsuite name="com.bridgelabz.PasswordValidationTest" tests="1" skipped="0" failures="0" errors="0" timestamp="2021-05-31T15:42:52" hostname="aswin-laptop" time="0.002">
  <properties/>
  <testcase name="givenPassword_WhenCorrect_ReturnsTrue" classname="com.bridgelabz.PasswordValidationTest" time="0.002"/>
  <system-out><![CDATA[]]></system-out>
  <system-err><![CDATA[]]></system-err>
</testsuite>
